
2월 02, 2022 22:22:07.150 NEW SESSION
2월 02, 2022 22:22:07.150 [20764:5416:0202/222207.149:ERROR:chrome_browser_main_extra_parts_metrics.cc(227)] START: ReportBluetoothAvailability(). If you don't see the END: message, this is crbug.com/1216328.
2월 02, 2022 22:22:07.150 [20764:5416:0202/222207.149:ERROR:chrome_browser_main_extra_parts_metrics.cc(230)] END: ReportBluetoothAvailability()
2월 02, 2022 22:22:07.150 [20764:5416:0202/222207.149:ERROR:chrome_browser_main_extra_parts_metrics.cc(235)] START: GetDefaultBrowser(). If you don't see the END: message, this is crbug.com/1216328.
2월 02, 2022 22:22:07.151 [20764:5416:0202/222207.150:ERROR:chrome_browser_main_extra_parts_metrics.cc(239)] END: GetDefaultBrowser()
2월 02, 2022 22:22:07.154 [20764:19376:0202/222207.152:ERROR:device_event_log_impl.cc(214)] [22:22:07.152] USB: usb_device_handle_win.cc:1050 Failed to read descriptor from node connection: 시스템에 부착된 장치가 작동하지 않습니다. (0x1F)
2월 02, 2022 22:22:07.176 [20764:19376:0202/222207.176:ERROR:device_event_log_impl.cc(214)] [22:22:07.175] USB: usb_device_handle_win.cc:1050 Failed to read descriptor from node connection: 시스템에 부착된 장치가 작동하지 않습니다. (0x1F)

2월 08, 2022 09:32:55.528 NEW SESSION
2월 08, 2022 09:32:55.528 [18184:23816:0208/093255.523:ERROR:chrome_browser_main_extra_parts_metrics.cc(227)] START: ReportBluetoothAvailability(). If you don't see the END: message, this is crbug.com/1216328.
2월 08, 2022 09:32:55.529 [18184:23816:0208/093255.523:ERROR:chrome_browser_main_extra_parts_metrics.cc(230)] END: ReportBluetoothAvailability()
2월 08, 2022 09:32:55.529 [18184:23816:0208/093255.523:ERROR:chrome_browser_main_extra_parts_metrics.cc(235)] START: GetDefaultBrowser(). If you don't see the END: message, this is crbug.com/1216328.
2월 08, 2022 09:32:55.529 [18184:23816:0208/093255.525:ERROR:chrome_browser_main_extra_parts_metrics.cc(239)] END: GetDefaultBrowser()
2월 08, 2022 09:32:55.529 [18184:8000:0208/093255.527:ERROR:device_event_log_impl.cc(214)] [09:32:55.527] USB: usb_device_handle_win.cc:1049 Failed to read descriptor from node connection: 시스템에 부착된 장치가 작동하지 않습니다. (0x1F)
2월 08, 2022 09:32:55.550 [18184:8000:0208/093255.550:ERROR:device_event_log_impl.cc(214)] [09:32:55.549] USB: usb_device_handle_win.cc:1049 Failed to read descriptor from node connection: 시스템에 부착된 장치가 작동하지 않습니다. (0x1F)
2월 08, 2022 09:34:33.755 [3776:19904:0208/093433.754:ERROR:chrome_browser_main_extra_parts_metrics.cc(227)] START: ReportBluetoothAvailability(). If you don't see the END: message, this is crbug.com/1216328.
2월 08, 2022 09:34:33.755 [3776:19904:0208/093433.754:ERROR:chrome_browser_main_extra_parts_metrics.cc(230)] END: ReportBluetoothAvailability()
2월 08, 2022 09:34:33.755 [3776:19904:0208/093433.754:ERROR:chrome_browser_main_extra_parts_metrics.cc(235)] START: GetDefaultBrowser(). If you don't see the END: message, this is crbug.com/1216328.
2월 08, 2022 09:34:33.756 [3776:19904:0208/093433.755:ERROR:chrome_browser_main_extra_parts_metrics.cc(239)] END: GetDefaultBrowser()
2월 08, 2022 09:34:33.759 [3776:16100:0208/093433.759:ERROR:device_event_log_impl.cc(214)] [09:34:33.759] USB: usb_device_handle_win.cc:1049 Failed to read descriptor from node connection: 시스템에 부착된 장치가 작동하지 않습니다. (0x1F)
2월 08, 2022 09:34:33.782 [3776:16100:0208/093433.782:ERROR:device_event_log_impl.cc(214)] [09:34:33.782] USB: usb_device_handle_win.cc:1049 Failed to read descriptor from node connection: 시스템에 부착된 장치가 작동하지 않습니다. (0x1F)
2월 08, 2022 09:59:32.749 [3776:16100:0208/095932.748:ERROR:page_load_metrics_update_dispatcher.cc(111)] Invalid parse_blocked_on_script_execution_duration 0.052 s for parse duration 0.048 s
2월 08, 2022 09:59:32.848 [3776:16100:0208/095932.848:ERROR:page_load_metrics_update_dispatcher.cc(111)] Invalid parse_blocked_on_script_execution_duration 0.052 s for parse duration 0.048 s
2월 08, 2022 09:59:32.964 [3776:16100:0208/095932.964:ERROR:page_load_metrics_update_dispatcher.cc(70)] Received null navigation_start.
2월 08, 2022 09:59:32.969 [3776:16100:0208/095932.969:ERROR:page_load_metrics_update_dispatcher.cc(111)] Invalid parse_blocked_on_script_execution_duration 0.052 s for parse duration 0.048 s
2월 08, 2022 09:59:33.77 [3776:16100:0208/095933.077:ERROR:page_load_metrics_update_dispatcher.cc(111)] Invalid parse_blocked_on_script_execution_duration 0.052 s for parse duration 0.048 s
2월 08, 2022 09:59:33.288 [3776:16100:0208/095933.288:ERROR:page_load_metrics_update_dispatcher.cc(111)] Invalid parse_blocked_on_script_execution_duration 0.052 s for parse duration 0.048 s
2월 08, 2022 09:59:33.634 [3776:16100:0208/095933.634:ERROR:page_load_metrics_update_dispatcher.cc(111)] Invalid parse_blocked_on_script_execution_duration 0.052 s for parse duration 0.048 s
2월 08, 2022 09:59:35.851 [3776:16100:0208/095935.851:ERROR:page_load_metrics_update_dispatcher.cc(111)] Invalid parse_blocked_on_script_execution_duration 0.052 s for parse duration 0.048 s
2월 08, 2022 09:59:36.163 [3776:16100:0208/095936.163:ERROR:page_load_metrics_update_dispatcher.cc(111)] Invalid parse_blocked_on_script_execution_duration 0.052 s for parse duration 0.048 s
2월 08, 2022 09:59:36.286 [3776:16100:0208/095936.286:ERROR:page_load_metrics_update_dispatcher.cc(111)] Invalid parse_blocked_on_script_execution_duration 0.052 s for parse duration 0.048 s
2월 08, 2022 10:00:14.160 [3776:16100:0208/100014.160:ERROR:page_load_metrics_update_dispatcher.cc(111)] Invalid parse_blocked_on_script_execution_duration 0.052 s for parse duration 0.047 s
2월 08, 2022 10:00:14.261 [3776:16100:0208/100014.261:ERROR:page_load_metrics_update_dispatcher.cc(111)] Invalid parse_blocked_on_script_execution_duration 0.052 s for parse duration 0.047 s
2월 08, 2022 10:00:14.378 [3776:16100:0208/100014.378:ERROR:page_load_metrics_update_dispatcher.cc(111)] Invalid parse_blocked_on_script_execution_duration 0.052 s for parse duration 0.047 s
2월 08, 2022 10:00:14.492 [3776:16100:0208/100014.492:ERROR:page_load_metrics_update_dispatcher.cc(111)] Invalid parse_blocked_on_script_execution_duration 0.052 s for parse duration 0.047 s
2월 08, 2022 10:00:14.749 [3776:16100:0208/100014.749:ERROR:page_load_metrics_update_dispatcher.cc(111)] Invalid parse_blocked_on_script_execution_duration 0.052 s for parse duration 0.047 s
2월 08, 2022 10:00:15.49 [3776:16100:0208/100015.049:ERROR:page_load_metrics_update_dispatcher.cc(111)] Invalid parse_blocked_on_script_execution_duration 0.052 s for parse duration 0.047 s
2월 08, 2022 10:00:15.352 [3776:16100:0208/100015.352:ERROR:page_load_metrics_update_dispatcher.cc(111)] Invalid parse_blocked_on_script_execution_duration 0.052 s for parse duration 0.047 s
2월 08, 2022 10:00:15.584 [3776:16100:0208/100015.584:ERROR:page_load_metrics_update_dispatcher.cc(111)] Invalid parse_blocked_on_script_execution_duration 0.052 s for parse duration 0.047 s
2월 08, 2022 10:00:15.807 [3776:16100:0208/100015.807:ERROR:page_load_metrics_update_dispatcher.cc(111)] Invalid parse_blocked_on_script_execution_duration 0.052 s for parse duration 0.047 s
2월 08, 2022 10:00:15.927 [3776:16100:0208/100015.927:ERROR:page_load_metrics_update_dispatcher.cc(111)] Invalid parse_blocked_on_script_execution_duration 0.052 s for parse duration 0.047 s
2월 08, 2022 10:00:16.234 [3776:16100:0208/100016.234:ERROR:page_load_metrics_update_dispatcher.cc(111)] Invalid parse_blocked_on_script_execution_duration 0.052 s for parse duration 0.047 s
2월 08, 2022 10:00:16.352 [3776:16100:0208/100016.352:ERROR:page_load_metrics_update_dispatcher.cc(111)] Invalid parse_blocked_on_script_execution_duration 0.052 s for parse duration 0.047 s
2월 08, 2022 10:00:16.483 [3776:16100:0208/100016.483:ERROR:page_load_metrics_update_dispatcher.cc(111)] Invalid parse_blocked_on_script_execution_duration 0.052 s for parse duration 0.047 s
2월 08, 2022 10:00:16.743 [3776:16100:0208/100016.743:ERROR:page_load_metrics_update_dispatcher.cc(111)] Invalid parse_blocked_on_script_execution_duration 0.052 s for parse duration 0.047 s
2월 08, 2022 10:00:17.02 [3776:16100:0208/100017.002:ERROR:page_load_metrics_update_dispatcher.cc(111)] Invalid parse_blocked_on_script_execution_duration 0.052 s for parse duration 0.047 s
2월 08, 2022 10:00:17.252 [3776:16100:0208/100017.252:ERROR:page_load_metrics_update_dispatcher.cc(111)] Invalid parse_blocked_on_script_execution_duration 0.052 s for parse duration 0.047 s
2월 08, 2022 10:00:17.505 [3776:16100:0208/100017.505:ERROR:page_load_metrics_update_dispatcher.cc(111)] Invalid parse_blocked_on_script_execution_duration 0.052 s for parse duration 0.047 s
2월 08, 2022 10:00:17.763 [3776:16100:0208/100017.763:ERROR:page_load_metrics_update_dispatcher.cc(111)] Invalid parse_blocked_on_script_execution_duration 0.052 s for parse duration 0.047 s
2월 08, 2022 10:00:18.20 [3776:16100:0208/100018.020:ERROR:page_load_metrics_update_dispatcher.cc(111)] Invalid parse_blocked_on_script_execution_duration 0.052 s for parse duration 0.047 s
2월 08, 2022 10:00:18.276 [3776:16100:0208/100018.276:ERROR:page_load_metrics_update_dispatcher.cc(111)] Invalid parse_blocked_on_script_execution_duration 0.052 s for parse duration 0.047 s
2월 08, 2022 10:00:18.532 [3776:16100:0208/100018.532:ERROR:page_load_metrics_update_dispatcher.cc(111)] Invalid parse_blocked_on_script_execution_duration 0.052 s for parse duration 0.047 s
2월 08, 2022 10:00:18.780 [3776:16100:0208/100018.780:ERROR:page_load_metrics_update_dispatcher.cc(111)] Invalid parse_blocked_on_script_execution_duration 0.052 s for parse duration 0.047 s
2월 08, 2022 10:00:19.41 [3776:16100:0208/100019.041:ERROR:page_load_metrics_update_dispatcher.cc(111)] Invalid parse_blocked_on_script_execution_duration 0.052 s for parse duration 0.047 s
2월 08, 2022 10:00:19.297 [3776:16100:0208/100019.297:ERROR:page_load_metrics_update_dispatcher.cc(111)] Invalid parse_blocked_on_script_execution_duration 0.052 s for parse duration 0.047 s
2월 08, 2022 10:00:19.553 [3776:16100:0208/100019.553:ERROR:page_load_metrics_update_dispatcher.cc(111)] Invalid parse_blocked_on_script_execution_duration 0.052 s for parse duration 0.047 s
2월 08, 2022 10:00:19.805 [3776:16100:0208/100019.805:ERROR:page_load_metrics_update_dispatcher.cc(111)] Invalid parse_blocked_on_script_execution_duration 0.052 s for parse duration 0.047 s
2월 08, 2022 10:00:20.64 [3776:16100:0208/100020.064:ERROR:page_load_metrics_update_dispatcher.cc(111)] Invalid parse_blocked_on_script_execution_duration 0.052 s for parse duration 0.047 s
2월 08, 2022 10:00:20.321 [3776:16100:0208/100020.321:ERROR:page_load_metrics_update_dispatcher.cc(111)] Invalid parse_blocked_on_script_execution_duration 0.052 s for parse duration 0.047 s
2월 08, 2022 10:00:20.572 [3776:16100:0208/100020.572:ERROR:page_load_metrics_update_dispatcher.cc(111)] Invalid parse_blocked_on_script_execution_duration 0.052 s for parse duration 0.047 s
2월 08, 2022 10:00:20.833 [3776:16100:0208/100020.833:ERROR:page_load_metrics_update_dispatcher.cc(111)] Invalid parse_blocked_on_script_execution_duration 0.052 s for parse duration 0.047 s
2월 08, 2022 10:00:21.73 [3776:16100:0208/100021.073:ERROR:page_load_metrics_update_dispatcher.cc(111)] Invalid parse_blocked_on_script_execution_duration 0.052 s for parse duration 0.047 s
2월 08, 2022 10:00:21.327 [3776:16100:0208/100021.327:ERROR:page_load_metrics_update_dispatcher.cc(111)] Invalid parse_blocked_on_script_execution_duration 0.052 s for parse duration 0.047 s
2월 08, 2022 10:00:21.585 [3776:16100:0208/100021.585:ERROR:page_load_metrics_update_dispatcher.cc(111)] Invalid parse_blocked_on_script_execution_duration 0.052 s for parse duration 0.047 s
2월 08, 2022 10:00:21.841 [3776:16100:0208/100021.841:ERROR:page_load_metrics_update_dispatcher.cc(111)] Invalid parse_blocked_on_script_execution_duration 0.052 s for parse duration 0.047 s
2월 08, 2022 10:00:22.97 [3776:16100:0208/100022.097:ERROR:page_load_metrics_update_dispatcher.cc(111)] Invalid parse_blocked_on_script_execution_duration 0.052 s for parse duration 0.047 s
2월 08, 2022 10:00:22.353 [3776:16100:0208/100022.353:ERROR:page_load_metrics_update_dispatcher.cc(111)] Invalid parse_blocked_on_script_execution_duration 0.052 s for parse duration 0.047 s
2월 08, 2022 10:00:22.611 [3776:16100:0208/100022.611:ERROR:page_load_metrics_update_dispatcher.cc(111)] Invalid parse_blocked_on_script_execution_duration 0.052 s for parse duration 0.047 s
2월 08, 2022 10:00:22.868 [3776:16100:0208/100022.868:ERROR:page_load_metrics_update_dispatcher.cc(111)] Invalid parse_blocked_on_script_execution_duration 0.052 s for parse duration 0.047 s
2월 08, 2022 10:00:23.124 [3776:16100:0208/100023.124:ERROR:page_load_metrics_update_dispatcher.cc(111)] Invalid parse_blocked_on_script_execution_duration 0.052 s for parse duration 0.047 s
2월 08, 2022 10:00:23.380 [3776:16100:0208/100023.380:ERROR:page_load_metrics_update_dispatcher.cc(111)] Invalid parse_blocked_on_script_execution_duration 0.052 s for parse duration 0.047 s
2월 08, 2022 10:00:23.650 [3776:16100:0208/100023.650:ERROR:page_load_metrics_update_dispatcher.cc(111)] Invalid parse_blocked_on_script_execution_duration 0.052 s for parse duration 0.047 s
2월 08, 2022 10:00:23.891 [3776:16100:0208/100023.891:ERROR:page_load_metrics_update_dispatcher.cc(111)] Invalid parse_blocked_on_script_execution_duration 0.052 s for parse duration 0.047 s
2월 08, 2022 10:00:24.131 [3776:16100:0208/100024.131:ERROR:page_load_metrics_update_dispatcher.cc(111)] Invalid parse_blocked_on_script_execution_duration 0.052 s for parse duration 0.047 s
2월 08, 2022 10:00:24.402 [3776:16100:0208/100024.402:ERROR:page_load_metrics_update_dispatcher.cc(111)] Invalid parse_blocked_on_script_execution_duration 0.052 s for parse duration 0.047 s
2월 08, 2022 10:00:24.656 [3776:16100:0208/100024.656:ERROR:page_load_metrics_update_dispatcher.cc(111)] Invalid parse_blocked_on_script_execution_duration 0.052 s for parse duration 0.047 s
2월 08, 2022 10:00:24.913 [3776:16100:0208/100024.913:ERROR:page_load_metrics_update_dispatcher.cc(111)] Invalid parse_blocked_on_script_execution_duration 0.052 s for parse duration 0.047 s
2월 08, 2022 10:00:25.170 [3776:16100:0208/100025.170:ERROR:page_load_metrics_update_dispatcher.cc(111)] Invalid parse_blocked_on_script_execution_duration 0.052 s for parse duration 0.047 s
2월 08, 2022 10:00:25.427 [3776:16100:0208/100025.427:ERROR:page_load_metrics_update_dispatcher.cc(111)] Invalid parse_blocked_on_script_execution_duration 0.052 s for parse duration 0.047 s
2월 08, 2022 10:00:25.682 [3776:16100:0208/100025.682:ERROR:page_load_metrics_update_dispatcher.cc(111)] Invalid parse_blocked_on_script_execution_duration 0.052 s for parse duration 0.047 s
2월 08, 2022 10:00:25.937 [3776:16100:0208/100025.937:ERROR:page_load_metrics_update_dispatcher.cc(111)] Invalid parse_blocked_on_script_execution_duration 0.052 s for parse duration 0.047 s
2월 08, 2022 10:00:26.193 [3776:16100:0208/100026.193:ERROR:page_load_metrics_update_dispatcher.cc(111)] Invalid parse_blocked_on_script_execution_duration 0.052 s for parse duration 0.047 s
2월 08, 2022 10:00:26.443 [3776:16100:0208/100026.443:ERROR:page_load_metrics_update_dispatcher.cc(111)] Invalid parse_blocked_on_script_execution_duration 0.052 s for parse duration 0.047 s
2월 08, 2022 10:00:26.705 [3776:16100:0208/100026.705:ERROR:page_load_metrics_update_dispatcher.cc(111)] Invalid parse_blocked_on_script_execution_duration 0.052 s for parse duration 0.047 s
2월 08, 2022 10:00:26.963 [3776:16100:0208/100026.963:ERROR:page_load_metrics_update_dispatcher.cc(111)] Invalid parse_blocked_on_script_execution_duration 0.052 s for parse duration 0.047 s
2월 08, 2022 10:00:27.216 [3776:16100:0208/100027.216:ERROR:page_load_metrics_update_dispatcher.cc(111)] Invalid parse_blocked_on_script_execution_duration 0.052 s for parse duration 0.047 s
2월 08, 2022 10:00:27.478 [3776:16100:0208/100027.478:ERROR:page_load_metrics_update_dispatcher.cc(111)] Invalid parse_blocked_on_script_execution_duration 0.052 s for parse duration 0.047 s
2월 08, 2022 10:00:27.728 [3776:16100:0208/100027.728:ERROR:page_load_metrics_update_dispatcher.cc(111)] Invalid parse_blocked_on_script_execution_duration 0.052 s for parse duration 0.047 s
2월 08, 2022 10:00:27.992 [3776:16100:0208/100027.992:ERROR:page_load_metrics_update_dispatcher.cc(111)] Invalid parse_blocked_on_script_execution_duration 0.052 s for parse duration 0.047 s
2월 08, 2022 10:00:28.249 [3776:16100:0208/100028.249:ERROR:page_load_metrics_update_dispatcher.cc(111)] Invalid parse_blocked_on_script_execution_duration 0.052 s for parse duration 0.047 s
2월 08, 2022 10:00:28.504 [3776:16100:0208/100028.504:ERROR:page_load_metrics_update_dispatcher.cc(111)] Invalid parse_blocked_on_script_execution_duration 0.052 s for parse duration 0.047 s
2월 08, 2022 10:00:28.759 [3776:16100:0208/100028.759:ERROR:page_load_metrics_update_dispatcher.cc(111)] Invalid parse_blocked_on_script_execution_duration 0.052 s for parse duration 0.047 s
2월 08, 2022 10:00:29.15 [3776:16100:0208/100029.015:ERROR:page_load_metrics_update_dispatcher.cc(111)] Invalid parse_blocked_on_script_execution_duration 0.052 s for parse duration 0.047 s
2월 08, 2022 10:00:29.271 [3776:16100:0208/100029.271:ERROR:page_load_metrics_update_dispatcher.cc(111)] Invalid parse_blocked_on_script_execution_duration 0.052 s for parse duration 0.047 s
2월 08, 2022 10:00:29.523 [3776:16100:0208/100029.523:ERROR:page_load_metrics_update_dispatcher.cc(111)] Invalid parse_blocked_on_script_execution_duration 0.052 s for parse duration 0.047 s
2월 08, 2022 10:00:29.783 [3776:16100:0208/100029.783:ERROR:page_load_metrics_update_dispatcher.cc(111)] Invalid parse_blocked_on_script_execution_duration 0.052 s for parse duration 0.047 s
2월 08, 2022 10:00:30.40 [3776:16100:0208/100030.040:ERROR:page_load_metrics_update_dispatcher.cc(111)] Invalid parse_blocked_on_script_execution_duration 0.052 s for parse duration 0.047 s
2월 08, 2022 10:00:30.297 [3776:16100:0208/100030.297:ERROR:page_load_metrics_update_dispatcher.cc(111)] Invalid parse_blocked_on_script_execution_duration 0.052 s for parse duration 0.047 s
2월 08, 2022 10:00:30.552 [3776:16100:0208/100030.552:ERROR:page_load_metrics_update_dispatcher.cc(111)] Invalid parse_blocked_on_script_execution_duration 0.052 s for parse duration 0.047 s
2월 08, 2022 10:00:30.807 [3776:16100:0208/100030.807:ERROR:page_load_metrics_update_dispatcher.cc(111)] Invalid parse_blocked_on_script_execution_duration 0.052 s for parse duration 0.047 s
2월 08, 2022 10:00:30.963 [3776:16100:0208/100030.963:ERROR:page_load_metrics_update_dispatcher.cc(111)] Invalid parse_blocked_on_script_execution_duration 0.052 s for parse duration 0.047 s
2월 08, 2022 10:00:31.215 [3776:16100:0208/100031.215:ERROR:page_load_metrics_update_dispatcher.cc(111)] Invalid parse_blocked_on_script_execution_duration 0.052 s for parse duration 0.047 s
2월 08, 2022 10:00:34.906 [3776:16100:0208/100034.906:ERROR:page_load_metrics_update_dispatcher.cc(111)] Invalid parse_blocked_on_script_execution_duration 0.052 s for parse duration 0.047 s
2월 08, 2022 10:00:35.147 [3776:16100:0208/100035.147:ERROR:page_load_metrics_update_dispatcher.cc(111)] Invalid parse_blocked_on_script_execution_duration 0.052 s for parse duration 0.047 s
2월 08, 2022 10:00:35.403 [3776:16100:0208/100035.403:ERROR:page_load_metrics_update_dispatcher.cc(111)] Invalid parse_blocked_on_script_execution_duration 0.052 s for parse duration 0.047 s
2월 08, 2022 10:00:35.655 [3776:16100:0208/100035.655:ERROR:page_load_metrics_update_dispatcher.cc(111)] Invalid parse_blocked_on_script_execution_duration 0.052 s for parse duration 0.047 s
2월 08, 2022 10:00:35.917 [3776:16100:0208/100035.917:ERROR:page_load_metrics_update_dispatcher.cc(111)] Invalid parse_blocked_on_script_execution_duration 0.052 s for parse duration 0.047 s
2월 08, 2022 10:00:36.172 [3776:16100:0208/100036.172:ERROR:page_load_metrics_update_dispatcher.cc(111)] Invalid parse_blocked_on_script_execution_duration 0.052 s for parse duration 0.047 s
2월 08, 2022 10:00:36.429 [3776:16100:0208/100036.429:ERROR:page_load_metrics_update_dispatcher.cc(111)] Invalid parse_blocked_on_script_execution_duration 0.052 s for parse duration 0.047 s
2월 08, 2022 10:00:36.686 [3776:16100:0208/100036.686:ERROR:page_load_metrics_update_dispatcher.cc(111)] Invalid parse_blocked_on_script_execution_duration 0.052 s for parse duration 0.047 s
2월 08, 2022 10:00:36.942 [3776:16100:0208/100036.942:ERROR:page_load_metrics_update_dispatcher.cc(111)] Invalid parse_blocked_on_script_execution_duration 0.052 s for parse duration 0.047 s
2월 08, 2022 10:00:37.197 [3776:16100:0208/100037.197:ERROR:page_load_metrics_update_dispatcher.cc(111)] Invalid parse_blocked_on_script_execution_duration 0.052 s for parse duration 0.047 s
2월 08, 2022 10:00:37.452 [3776:16100:0208/100037.452:ERROR:page_load_metrics_update_dispatcher.cc(111)] Invalid parse_blocked_on_script_execution_duration 0.052 s for parse duration 0.047 s
2월 08, 2022 10:00:37.703 [3776:16100:0208/100037.703:ERROR:page_load_metrics_update_dispatcher.cc(111)] Invalid parse_blocked_on_script_execution_duration 0.052 s for parse duration 0.047 s
2월 08, 2022 10:00:37.966 [3776:16100:0208/100037.966:ERROR:page_load_metrics_update_dispatcher.cc(111)] Invalid parse_blocked_on_script_execution_duration 0.052 s for parse duration 0.047 s
2월 08, 2022 10:00:38.161 [3776:16100:0208/100038.161:ERROR:page_load_metrics_update_dispatcher.cc(111)] Invalid parse_blocked_on_script_execution_duration 0.052 s for parse duration 0.047 s
2월 08, 2022 10:00:38.418 [3776:16100:0208/100038.418:ERROR:page_load_metrics_update_dispatcher.cc(111)] Invalid parse_blocked_on_script_execution_duration 0.052 s for parse duration 0.047 s
2월 08, 2022 10:00:59.912 [3776:16100:0208/100059.912:ERROR:page_load_metrics_update_dispatcher.cc(111)] Invalid parse_blocked_on_script_execution_duration 0.052 s for parse duration 0.047 s
2월 08, 2022 10:01:00.125 [3776:16100:0208/100100.125:ERROR:page_load_metrics_update_dispatcher.cc(111)] Invalid parse_blocked_on_script_execution_duration 0.052 s for parse duration 0.047 s
2월 08, 2022 10:01:00.372 [3776:16100:0208/100100.372:ERROR:page_load_metrics_update_dispatcher.cc(111)] Invalid parse_blocked_on_script_execution_duration 0.052 s for parse duration 0.047 s
2월 08, 2022 10:01:00.623 [3776:16100:0208/100100.623:ERROR:page_load_metrics_update_dispatcher.cc(111)] Invalid parse_blocked_on_script_execution_duration 0.052 s for parse duration 0.047 s
2월 08, 2022 10:01:00.872 [3776:16100:0208/100100.872:ERROR:page_load_metrics_update_dispatcher.cc(111)] Invalid parse_blocked_on_script_execution_duration 0.052 s for parse duration 0.047 s
2월 08, 2022 10:01:01.123 [3776:16100:0208/100101.122:ERROR:page_load_metrics_update_dispatcher.cc(111)] Invalid parse_blocked_on_script_execution_duration 0.052 s for parse duration 0.047 s
2월 08, 2022 10:01:01.239 [3776:16100:0208/100101.239:ERROR:page_load_metrics_update_dispatcher.cc(111)] Invalid parse_blocked_on_script_execution_duration 0.052 s for parse duration 0.047 s
2월 08, 2022 10:01:04.192 [3776:16100:0208/100104.192:ERROR:page_load_metrics_update_dispatcher.cc(111)] Invalid parse_blocked_on_script_execution_duration 0.052 s for parse duration 0.047 s
2월 08, 2022 10:01:04.436 [3776:16100:0208/100104.436:ERROR:page_load_metrics_update_dispatcher.cc(111)] Invalid parse_blocked_on_script_execution_duration 0.052 s for parse duration 0.047 s
2월 08, 2022 10:01:04.677 [3776:16100:0208/100104.677:ERROR:page_load_metrics_update_dispatcher.cc(111)] Invalid parse_blocked_on_script_execution_duration 0.052 s for parse duration 0.047 s
2월 08, 2022 10:01:04.948 [3776:16100:0208/100104.948:ERROR:page_load_metrics_update_dispatcher.cc(111)] Invalid parse_blocked_on_script_execution_duration 0.052 s for parse duration 0.047 s
2월 08, 2022 10:01:05.143 [3776:16100:0208/100105.143:ERROR:page_load_metrics_update_dispatcher.cc(111)] Invalid parse_blocked_on_script_execution_duration 0.052 s for parse duration 0.047 s
2월 08, 2022 10:01:05.363 [3776:16100:0208/100105.363:ERROR:page_load_metrics_update_dispatcher.cc(111)] Invalid parse_blocked_on_script_execution_duration 0.052 s for parse duration 0.047 s
2월 08, 2022 10:01:12.376 [3776:16100:0208/100112.376:ERROR:page_load_metrics_update_dispatcher.cc(111)] Invalid parse_blocked_on_script_execution_duration 0.048 s for parse duration 0.046 s
2월 08, 2022 10:01:12.538 [3776:16100:0208/100112.538:ERROR:page_load_metrics_update_dispatcher.cc(111)] Invalid parse_blocked_on_script_execution_duration 0.048 s for parse duration 0.046 s
2월 08, 2022 10:01:12.600 [3776:16100:0208/100112.600:ERROR:page_load_metrics_update_dispatcher.cc(70)] Received null navigation_start.
2월 08, 2022 10:01:12.648 [3776:16100:0208/100112.648:ERROR:page_load_metrics_update_dispatcher.cc(111)] Invalid parse_blocked_on_script_execution_duration 0.048 s for parse duration 0.046 s
2월 08, 2022 10:01:12.749 [3776:16100:0208/100112.748:ERROR:page_load_metrics_update_dispatcher.cc(111)] Invalid parse_blocked_on_script_execution_duration 0.048 s for parse duration 0.046 s
2월 08, 2022 10:01:12.876 [3776:16100:0208/100112.876:ERROR:page_load_metrics_update_dispatcher.cc(111)] Invalid parse_blocked_on_script_execution_duration 0.048 s for parse duration 0.046 s
2월 08, 2022 10:01:12.999 [3776:16100:0208/100112.999:ERROR:page_load_metrics_update_dispatcher.cc(111)] Invalid parse_blocked_on_script_execution_duration 0.048 s for parse duration 0.046 s
2월 08, 2022 10:01:13.133 [3776:16100:0208/100113.133:ERROR:page_load_metrics_update_dispatcher.cc(111)] Invalid parse_blocked_on_script_execution_duration 0.048 s for parse duration 0.046 s
2월 08, 2022 10:01:13.315 [3776:16100:0208/100113.315:ERROR:page_load_metrics_update_dispatcher.cc(111)] Invalid parse_blocked_on_script_execution_duration 0.048 s for parse duration 0.046 s
2월 08, 2022 10:01:15.484 [3776:16100:0208/100115.484:ERROR:page_load_metrics_update_dispatcher.cc(111)] Invalid parse_blocked_on_script_execution_duration 0.048 s for parse duration 0.046 s
2월 08, 2022 10:01:19.907 [3776:16100:0208/100119.907:ERROR:page_load_metrics_update_dispatcher.cc(111)] Invalid parse_blocked_on_script_execution_duration 0.059 s for parse duration 0.052 s
2월 08, 2022 10:01:20.09 [3776:16100:0208/100120.008:ERROR:page_load_metrics_update_dispatcher.cc(111)] Invalid parse_blocked_on_script_execution_duration 0.059 s for parse duration 0.052 s
2월 08, 2022 10:01:20.113 [3776:16100:0208/100120.113:ERROR:page_load_metrics_update_dispatcher.cc(111)] Invalid parse_blocked_on_script_execution_duration 0.059 s for parse duration 0.052 s
2월 08, 2022 10:01:20.248 [3776:16100:0208/100120.248:ERROR:page_load_metrics_update_dispatcher.cc(111)] Invalid parse_blocked_on_script_execution_duration 0.059 s for parse duration 0.052 s
2월 08, 2022 10:01:20.638 [3776:16100:0208/100120.638:ERROR:page_load_metrics_update_dispatcher.cc(111)] Invalid parse_blocked_on_script_execution_duration 0.059 s for parse duration 0.052 s
2월 08, 2022 10:01:23.05 [3776:16100:0208/100123.005:ERROR:page_load_metrics_update_dispatcher.cc(111)] Invalid parse_blocked_on_script_execution_duration 0.059 s for parse duration 0.052 s
2월 08, 2022 10:01:24.853 [3776:16100:0208/100124.853:ERROR:page_load_metrics_update_dispatcher.cc(111)] Invalid parse_blocked_on_script_execution_duration 0.059 s for parse duration 0.052 s
2월 08, 2022 10:01:24.961 [3776:16100:0208/100124.961:ERROR:page_load_metrics_update_dispatcher.cc(111)] Invalid parse_blocked_on_script_execution_duration 0.059 s for parse duration 0.052 s
2월 08, 2022 10:01:25.83 [3776:16100:0208/100125.082:ERROR:page_load_metrics_update_dispatcher.cc(111)] Invalid parse_blocked_on_script_execution_duration 0.059 s for parse duration 0.052 s
2월 08, 2022 10:01:25.183 [3776:16100:0208/100125.183:ERROR:page_load_metrics_update_dispatcher.cc(111)] Invalid parse_blocked_on_script_execution_duration 0.059 s for parse duration 0.052 s
2월 08, 2022 10:01:25.507 [3776:16100:0208/100125.507:ERROR:page_load_metrics_update_dispatcher.cc(111)] Invalid parse_blocked_on_script_execution_duration 0.059 s for parse duration 0.052 s
2월 08, 2022 10:01:31.377 [3776:16100:0208/100131.377:ERROR:page_load_metrics_update_dispatcher.cc(111)] Invalid parse_blocked_on_script_execution_duration 0.059 s for parse duration 0.052 s
2월 08, 2022 10:01:31.478 [3776:16100:0208/100131.478:ERROR:page_load_metrics_update_dispatcher.cc(111)] Invalid parse_blocked_on_script_execution_duration 0.059 s for parse duration 0.052 s
2월 08, 2022 10:02:04.18 [3776:16100:0208/100204.018:ERROR:page_load_metrics_update_dispatcher.cc(111)] Invalid parse_blocked_on_script_execution_duration 0.059 s for parse duration 0.052 s
2월 08, 2022 10:02:04.119 [3776:16100:0208/100204.119:ERROR:page_load_metrics_update_dispatcher.cc(111)] Invalid parse_blocked_on_script_execution_duration 0.059 s for parse duration 0.052 s
2월 08, 2022 10:02:04.208 [3776:16100:0208/100204.208:ERROR:page_load_metrics_update_dispatcher.cc(111)] Invalid parse_blocked_on_script_execution_duration 0.064 s for parse duration 0.054 s
2월 08, 2022 10:02:04.310 [3776:16100:0208/100204.310:ERROR:page_load_metrics_update_dispatcher.cc(111)] Invalid parse_blocked_on_script_execution_duration 0.064 s for parse duration 0.054 s
2월 08, 2022 10:02:04.419 [3776:16100:0208/100204.419:ERROR:page_load_metrics_update_dispatcher.cc(111)] Invalid parse_blocked_on_script_execution_duration 0.064 s for parse duration 0.054 s
2월 08, 2022 10:02:04.435 [3776:16100:0208/100204.435:ERROR:page_load_metrics_update_dispatcher.cc(70)] Received null navigation_start.
2월 08, 2022 10:02:04.519 [3776:16100:0208/100204.519:ERROR:page_load_metrics_update_dispatcher.cc(111)] Invalid parse_blocked_on_script_execution_duration 0.064 s for parse duration 0.054 s
2월 08, 2022 10:02:04.621 [3776:16100:0208/100204.621:ERROR:page_load_metrics_update_dispatcher.cc(111)] Invalid parse_blocked_on_script_execution_duration 0.064 s for parse duration 0.054 s
2월 08, 2022 10:02:04.776 [3776:16100:0208/100204.776:ERROR:page_load_metrics_update_dispatcher.cc(111)] Invalid parse_blocked_on_script_execution_duration 0.064 s for parse duration 0.054 s
2월 08, 2022 10:02:05.181 [3776:16100:0208/100205.181:ERROR:page_load_metrics_update_dispatcher.cc(111)] Invalid parse_blocked_on_script_execution_duration 0.064 s for parse duration 0.054 s
2월 08, 2022 10:02:07.310 [3776:16100:0208/100207.310:ERROR:page_load_metrics_update_dispatcher.cc(111)] Invalid parse_blocked_on_script_execution_duration 0.064 s for parse duration 0.054 s
2월 08, 2022 10:32:13.500 [3776:11520:0208/103213.500:ERROR:database.cc(1777)] History SQLite error: code 1555 errno 0: UNIQUE constraint failed: context_annotations.visit_id sql: INSERT INTO context_annotations( visit_id,context_annotation_flags,duration_since_last_visit,page_end_reason,total_foreground_duration )VALUES(?,?,?,?,?)
2월 08, 2022 10:32:19.06 [3776:13240:0208/103219.006:ERROR:database.cc(1777)] History SQLite error: code 1555 errno 0: UNIQUE constraint failed: context_annotations.visit_id sql: INSERT INTO context_annotations( visit_id,context_annotation_flags,duration_since_last_visit,page_end_reason,total_foreground_duration )VALUES(?,?,?,?,?)
2월 08, 2022 10:32:35.734 [3776:11520:0208/103235.733:ERROR:database.cc(1777)] History SQLite error: code 1555 errno 0: UNIQUE constraint failed: context_annotations.visit_id sql: INSERT INTO context_annotations( visit_id,context_annotation_flags,duration_since_last_visit,page_end_reason,total_foreground_duration )VALUES(?,?,?,?,?)
2월 08, 2022 10:32:46.642 [3776:11520:0208/103246.641:ERROR:database.cc(1777)] History SQLite error: code 1555 errno 0: UNIQUE constraint failed: context_annotations.visit_id sql: INSERT INTO context_annotations( visit_id,context_annotation_flags,duration_since_last_visit,page_end_reason,total_foreground_duration )VALUES(?,?,?,?,?)
2월 08, 2022 10:32:55.41 [3776:23244:0208/103255.041:ERROR:database.cc(1777)] History SQLite error: code 1555 errno 0: UNIQUE constraint failed: context_annotations.visit_id sql: INSERT INTO context_annotations( visit_id,context_annotation_flags,duration_since_last_visit,page_end_reason,total_foreground_duration )VALUES(?,?,?,?,?)
2월 08, 2022 10:33:02.553 [3776:11520:0208/103302.552:ERROR:database.cc(1777)] History SQLite error: code 1555 errno 0: UNIQUE constraint failed: context_annotations.visit_id sql: INSERT INTO context_annotations( visit_id,context_annotation_flags,duration_since_last_visit,page_end_reason,total_foreground_duration )VALUES(?,?,?,?,?)
2월 08, 2022 10:33:12.733 [3776:13240:0208/103312.733:ERROR:database.cc(1777)] History SQLite error: code 1555 errno 0: UNIQUE constraint failed: context_annotations.visit_id sql: INSERT INTO context_annotations( visit_id,context_annotation_flags,duration_since_last_visit,page_end_reason,total_foreground_duration )VALUES(?,?,?,?,?)
2월 08, 2022 10:33:15.114 [3776:23244:0208/103315.114:ERROR:database.cc(1777)] History SQLite error: code 1555 errno 0: UNIQUE constraint failed: context_annotations.visit_id sql: INSERT INTO context_annotations( visit_id,context_annotation_flags,duration_since_last_visit,page_end_reason,total_foreground_duration )VALUES(?,?,?,?,?)
2월 08, 2022 10:33:16.264 [3776:23244:0208/103316.264:ERROR:database.cc(1777)] History SQLite error: code 1555 errno 0: UNIQUE constraint failed: context_annotations.visit_id sql: INSERT INTO context_annotations( visit_id,context_annotation_flags,duration_since_last_visit,page_end_reason,total_foreground_duration )VALUES(?,?,?,?,?)
2월 08, 2022 10:33:19.705 [3776:13240:0208/103319.705:ERROR:database.cc(1777)] History SQLite error: code 1555 errno 0: UNIQUE constraint failed: context_annotations.visit_id sql: INSERT INTO context_annotations( visit_id,context_annotation_flags,duration_since_last_visit,page_end_reason,total_foreground_duration )VALUES(?,?,?,?,?)
2월 08, 2022 10:34:16.976 [3776:13240:0208/103416.975:ERROR:database.cc(1777)] History SQLite error: code 1555 errno 0: UNIQUE constraint failed: context_annotations.visit_id sql: INSERT INTO context_annotations( visit_id,context_annotation_flags,duration_since_last_visit,page_end_reason,total_foreground_duration )VALUES(?,?,?,?,?)
2월 08, 2022 10:34:29.413 [3776:11520:0208/103429.413:ERROR:database.cc(1777)] History SQLite error: code 1555 errno 0: UNIQUE constraint failed: context_annotations.visit_id sql: INSERT INTO context_annotations( visit_id,context_annotation_flags,duration_since_last_visit,page_end_reason,total_foreground_duration )VALUES(?,?,?,?,?)
2월 08, 2022 10:35:15.939 [3776:23244:0208/103515.939:ERROR:database.cc(1777)] History SQLite error: code 1555 errno 0: UNIQUE constraint failed: context_annotations.visit_id sql: INSERT INTO context_annotations( visit_id,context_annotation_flags,duration_since_last_visit,page_end_reason,total_foreground_duration )VALUES(?,?,?,?,?)
2월 08, 2022 10:35:18.263 [3776:13240:0208/103518.262:ERROR:database.cc(1777)] History SQLite error: code 1555 errno 0: UNIQUE constraint failed: context_annotations.visit_id sql: INSERT INTO context_annotations( visit_id,context_annotation_flags,duration_since_last_visit,page_end_reason,total_foreground_duration )VALUES(?,?,?,?,?)
2월 08, 2022 10:35:19.727 [3776:23244:0208/103519.727:ERROR:database.cc(1777)] History SQLite error: code 1555 errno 0: UNIQUE constraint failed: context_annotations.visit_id sql: INSERT INTO context_annotations( visit_id,context_annotation_flags,duration_since_last_visit,page_end_reason,total_foreground_duration )VALUES(?,?,?,?,?)
2월 08, 2022 10:35:22.775 [3776:23244:0208/103522.775:ERROR:database.cc(1777)] History SQLite error: code 1555 errno 0: UNIQUE constraint failed: context_annotations.visit_id sql: INSERT INTO context_annotations( visit_id,context_annotation_flags,duration_since_last_visit,page_end_reason,total_foreground_duration )VALUES(?,?,?,?,?)
2월 08, 2022 10:35:40.923 [3776:11520:0208/103540.923:ERROR:database.cc(1777)] History SQLite error: code 1555 errno 0: UNIQUE constraint failed: context_annotations.visit_id sql: INSERT INTO context_annotations( visit_id,context_annotation_flags,duration_since_last_visit,page_end_reason,total_foreground_duration )VALUES(?,?,?,?,?)
2월 08, 2022 10:35:57.170 [3776:23244:0208/103557.170:ERROR:database.cc(1777)] History SQLite error: code 1555 errno 0: UNIQUE constraint failed: context_annotations.visit_id sql: INSERT INTO context_annotations( visit_id,context_annotation_flags,duration_since_last_visit,page_end_reason,total_foreground_duration )VALUES(?,?,?,?,?)
2월 08, 2022 10:36:00.426 [3776:11520:0208/103600.426:ERROR:database.cc(1777)] History SQLite error: code 1555 errno 0: UNIQUE constraint failed: context_annotations.visit_id sql: INSERT INTO context_annotations( visit_id,context_annotation_flags,duration_since_last_visit,page_end_reason,total_foreground_duration )VALUES(?,?,?,?,?)
2월 08, 2022 10:36:08.913 [3776:13240:0208/103608.913:ERROR:database.cc(1777)] History SQLite error: code 1555 errno 0: UNIQUE constraint failed: context_annotations.visit_id sql: INSERT INTO context_annotations( visit_id,context_annotation_flags,duration_since_last_visit,page_end_reason,total_foreground_duration )VALUES(?,?,?,?,?)
2월 08, 2022 10:36:24.419 [3776:23244:0208/103624.419:ERROR:database.cc(1777)] History SQLite error: code 1555 errno 0: UNIQUE constraint failed: context_annotations.visit_id sql: INSERT INTO context_annotations( visit_id,context_annotation_flags,duration_since_last_visit,page_end_reason,total_foreground_duration )VALUES(?,?,?,?,?)
2월 08, 2022 11:02:00.20 [3776:4156:0208/110200.020:ERROR:database.cc(1777)] History SQLite error: code 1555 errno 0: UNIQUE constraint failed: context_annotations.visit_id sql: INSERT INTO context_annotations( visit_id,context_annotation_flags,duration_since_last_visit,page_end_reason,total_foreground_duration )VALUES(?,?,?,?,?)
2월 08, 2022 13:54:45.558 [3776:18180:0208/135445.558:ERROR:database.cc(1777)] History SQLite error: code 1555 errno 0: UNIQUE constraint failed: context_annotations.visit_id sql: INSERT INTO context_annotations( visit_id,context_annotation_flags,duration_since_last_visit,page_end_reason,total_foreground_duration )VALUES(?,?,?,?,?)
2월 08, 2022 13:54:48.236 [3776:10824:0208/135448.235:ERROR:database.cc(1777)] History SQLite error: code 1555 errno 0: UNIQUE constraint failed: context_annotations.visit_id sql: INSERT INTO context_annotations( visit_id,context_annotation_flags,duration_since_last_visit,page_end_reason,total_foreground_duration )VALUES(?,?,?,?,?)
2월 08, 2022 13:55:07.887 [3776:18180:0208/135507.887:ERROR:database.cc(1777)] History SQLite error: code 1555 errno 0: UNIQUE constraint failed: context_annotations.visit_id sql: INSERT INTO context_annotations( visit_id,context_annotation_flags,duration_since_last_visit,page_end_reason,total_foreground_duration )VALUES(?,?,?,?,?)
2월 08, 2022 13:55:25.04 [3776:18180:0208/135525.003:ERROR:database.cc(1777)] History SQLite error: code 1555 errno 0: UNIQUE constraint failed: context_annotations.visit_id sql: INSERT INTO context_annotations( visit_id,context_annotation_flags,duration_since_last_visit,page_end_reason,total_foreground_duration )VALUES(?,?,?,?,?)
2월 08, 2022 13:55:35.676 [3776:10824:0208/135535.676:ERROR:database.cc(1777)] History SQLite error: code 1555 errno 0: UNIQUE constraint failed: context_annotations.visit_id sql: INSERT INTO context_annotations( visit_id,context_annotation_flags,duration_since_last_visit,page_end_reason,total_foreground_duration )VALUES(?,?,?,?,?)
2월 08, 2022 13:56:16.487 [3776:10824:0208/135616.487:ERROR:database.cc(1777)] History SQLite error: code 1555 errno 0: UNIQUE constraint failed: context_annotations.visit_id sql: INSERT INTO context_annotations( visit_id,context_annotation_flags,duration_since_last_visit,page_end_reason,total_foreground_duration )VALUES(?,?,?,?,?)
2월 08, 2022 13:56:19.273 [3776:10824:0208/135619.273:ERROR:database.cc(1777)] History SQLite error: code 1555 errno 0: UNIQUE constraint failed: context_annotations.visit_id sql: INSERT INTO context_annotations( visit_id,context_annotation_flags,duration_since_last_visit,page_end_reason,total_foreground_duration )VALUES(?,?,?,?,?)
2월 08, 2022 13:56:30.357 [3776:24492:0208/135630.357:ERROR:database.cc(1777)] History SQLite error: code 1555 errno 0: UNIQUE constraint failed: context_annotations.visit_id sql: INSERT INTO context_annotations( visit_id,context_annotation_flags,duration_since_last_visit,page_end_reason,total_foreground_duration )VALUES(?,?,?,?,?)
2월 08, 2022 13:56:36.419 [3776:10824:0208/135636.419:ERROR:database.cc(1777)] History SQLite error: code 1555 errno 0: UNIQUE constraint failed: context_annotations.visit_id sql: INSERT INTO context_annotations( visit_id,context_annotation_flags,duration_since_last_visit,page_end_reason,total_foreground_duration )VALUES(?,?,?,?,?)
2월 08, 2022 13:56:39.149 [3776:10824:0208/135639.149:ERROR:database.cc(1777)] History SQLite error: code 1555 errno 0: UNIQUE constraint failed: context_annotations.visit_id sql: INSERT INTO context_annotations( visit_id,context_annotation_flags,duration_since_last_visit,page_end_reason,total_foreground_duration )VALUES(?,?,?,?,?)
2월 08, 2022 13:56:56.943 [3776:24492:0208/135656.943:ERROR:database.cc(1777)] History SQLite error: code 1555 errno 0: UNIQUE constraint failed: context_annotations.visit_id sql: INSERT INTO context_annotations( visit_id,context_annotation_flags,duration_since_last_visit,page_end_reason,total_foreground_duration )VALUES(?,?,?,?,?)
2월 08, 2022 13:57:06.502 [3776:10824:0208/135706.501:ERROR:database.cc(1777)] History SQLite error: code 1555 errno 0: UNIQUE constraint failed: context_annotations.visit_id sql: INSERT INTO context_annotations( visit_id,context_annotation_flags,duration_since_last_visit,page_end_reason,total_foreground_duration )VALUES(?,?,?,?,?)
2월 08, 2022 13:57:11.512 [3776:24492:0208/135711.512:ERROR:database.cc(1777)] History SQLite error: code 1555 errno 0: UNIQUE constraint failed: context_annotations.visit_id sql: INSERT INTO context_annotations( visit_id,context_annotation_flags,duration_since_last_visit,page_end_reason,total_foreground_duration )VALUES(?,?,?,?,?)
2월 08, 2022 13:57:15.608 [3776:10824:0208/135715.608:ERROR:database.cc(1777)] History SQLite error: code 1555 errno 0: UNIQUE constraint failed: context_annotations.visit_id sql: INSERT INTO context_annotations( visit_id,context_annotation_flags,duration_since_last_visit,page_end_reason,total_foreground_duration )VALUES(?,?,?,?,?)
2월 08, 2022 13:57:30.356 [3776:24492:0208/135730.355:ERROR:database.cc(1777)] History SQLite error: code 1555 errno 0: UNIQUE constraint failed: context_annotations.visit_id sql: INSERT INTO context_annotations( visit_id,context_annotation_flags,duration_since_last_visit,page_end_reason,total_foreground_duration )VALUES(?,?,?,?,?)
2월 08, 2022 13:57:36.106 [3776:24492:0208/135736.106:ERROR:database.cc(1777)] History SQLite error: code 1555 errno 0: UNIQUE constraint failed: context_annotations.visit_id sql: INSERT INTO context_annotations( visit_id,context_annotation_flags,duration_since_last_visit,page_end_reason,total_foreground_duration )VALUES(?,?,?,?,?)
2월 08, 2022 13:57:47.960 [3776:18180:0208/135747.960:ERROR:database.cc(1777)] History SQLite error: code 1555 errno 0: UNIQUE constraint failed: context_annotations.visit_id sql: INSERT INTO context_annotations( visit_id,context_annotation_flags,duration_since_last_visit,page_end_reason,total_foreground_duration )VALUES(?,?,?,?,?)
2월 08, 2022 13:57:53.677 [3776:18348:0208/135753.677:ERROR:database.cc(1777)] History SQLite error: code 1555 errno 0: UNIQUE constraint failed: context_annotations.visit_id sql: INSERT INTO context_annotations( visit_id,context_annotation_flags,duration_since_last_visit,page_end_reason,total_foreground_duration )VALUES(?,?,?,?,?)
2월 08, 2022 13:57:55.85 [3776:18348:0208/135755.085:ERROR:database.cc(1777)] History SQLite error: code 1555 errno 0: UNIQUE constraint failed: context_annotations.visit_id sql: INSERT INTO context_annotations( visit_id,context_annotation_flags,duration_since_last_visit,page_end_reason,total_foreground_duration )VALUES(?,?,?,?,?)
2월 08, 2022 13:57:56.255 [3776:18348:0208/135756.255:ERROR:database.cc(1777)] History SQLite error: code 1555 errno 0: UNIQUE constraint failed: context_annotations.visit_id sql: INSERT INTO context_annotations( visit_id,context_annotation_flags,duration_since_last_visit,page_end_reason,total_foreground_duration )VALUES(?,?,?,?,?)
2월 08, 2022 13:57:58.02 [3776:10824:0208/135758.002:ERROR:database.cc(1777)] History SQLite error: code 1555 errno 0: UNIQUE constraint failed: context_annotations.visit_id sql: INSERT INTO context_annotations( visit_id,context_annotation_flags,duration_since_last_visit,page_end_reason,total_foreground_duration )VALUES(?,?,?,?,?)
2월 08, 2022 13:58:18.69 [3776:10824:0208/135818.069:ERROR:database.cc(1777)] History SQLite error: code 1555 errno 0: UNIQUE constraint failed: context_annotations.visit_id sql: INSERT INTO context_annotations( visit_id,context_annotation_flags,duration_since_last_visit,page_end_reason,total_foreground_duration )VALUES(?,?,?,?,?)
2월 08, 2022 13:59:07.516 [3776:24492:0208/135907.515:ERROR:database.cc(1777)] History SQLite error: code 1555 errno 0: UNIQUE constraint failed: context_annotations.visit_id sql: INSERT INTO context_annotations( visit_id,context_annotation_flags,duration_since_last_visit,page_end_reason,total_foreground_duration )VALUES(?,?,?,?,?)
2월 08, 2022 13:59:20.857 [3776:18348:0208/135920.856:ERROR:database.cc(1777)] History SQLite error: code 1555 errno 0: UNIQUE constraint failed: context_annotations.visit_id sql: INSERT INTO context_annotations( visit_id,context_annotation_flags,duration_since_last_visit,page_end_reason,total_foreground_duration )VALUES(?,?,?,?,?)
2월 08, 2022 13:59:51.393 [3776:18348:0208/135951.393:ERROR:database.cc(1777)] History SQLite error: code 1555 errno 0: UNIQUE constraint failed: context_annotations.visit_id sql: INSERT INTO context_annotations( visit_id,context_annotation_flags,duration_since_last_visit,page_end_reason,total_foreground_duration )VALUES(?,?,?,?,?)
2월 08, 2022 14:00:13.471 [3776:24492:0208/140013.471:ERROR:database.cc(1777)] History SQLite error: code 1555 errno 0: UNIQUE constraint failed: context_annotations.visit_id sql: INSERT INTO context_annotations( visit_id,context_annotation_flags,duration_since_last_visit,page_end_reason,total_foreground_duration )VALUES(?,?,?,?,?)
2월 08, 2022 14:01:17.581 [3776:10824:0208/140117.581:ERROR:database.cc(1777)] History SQLite error: code 1555 errno 0: UNIQUE constraint failed: context_annotations.visit_id sql: INSERT INTO context_annotations( visit_id,context_annotation_flags,duration_since_last_visit,page_end_reason,total_foreground_duration )VALUES(?,?,?,?,?)
2월 08, 2022 14:01:23.418 [3776:18348:0208/140123.418:ERROR:database.cc(1777)] History SQLite error: code 1555 errno 0: UNIQUE constraint failed: context_annotations.visit_id sql: INSERT INTO context_annotations( visit_id,context_annotation_flags,duration_since_last_visit,page_end_reason,total_foreground_duration )VALUES(?,?,?,?,?)
2월 08, 2022 14:10:49.768 [3776:18348:0208/141049.768:ERROR:database.cc(1777)] History SQLite error: code 1555 errno 0: UNIQUE constraint failed: context_annotations.visit_id sql: INSERT INTO context_annotations( visit_id,context_annotation_flags,duration_since_last_visit,page_end_reason,total_foreground_duration )VALUES(?,?,?,?,?)
2월 08, 2022 14:10:52.681 [3776:18348:0208/141052.681:ERROR:database.cc(1777)] History SQLite error: code 1555 errno 0: UNIQUE constraint failed: context_annotations.visit_id sql: INSERT INTO context_annotations( visit_id,context_annotation_flags,duration_since_last_visit,page_end_reason,total_foreground_duration )VALUES(?,?,?,?,?)
2월 08, 2022 14:11:00.75 [3776:10824:0208/141100.075:ERROR:database.cc(1777)] History SQLite error: code 1555 errno 0: UNIQUE constraint failed: context_annotations.visit_id sql: INSERT INTO context_annotations( visit_id,context_annotation_flags,duration_since_last_visit,page_end_reason,total_foreground_duration )VALUES(?,?,?,?,?)
2월 08, 2022 14:12:39.09 [3776:10824:0208/141239.009:ERROR:database.cc(1777)] History SQLite error: code 1555 errno 0: UNIQUE constraint failed: context_annotations.visit_id sql: INSERT INTO context_annotations( visit_id,context_annotation_flags,duration_since_last_visit,page_end_reason,total_foreground_duration )VALUES(?,?,?,?,?)
2월 08, 2022 14:14:55.84 [3776:18348:0208/141455.083:ERROR:database.cc(1777)] History SQLite error: code 1555 errno 0: UNIQUE constraint failed: context_annotations.visit_id sql: INSERT INTO context_annotations( visit_id,context_annotation_flags,duration_since_last_visit,page_end_reason,total_foreground_duration )VALUES(?,?,?,?,?)
2월 08, 2022 14:14:57.322 [3776:18476:0208/141457.322:ERROR:database.cc(1777)] History SQLite error: code 1555 errno 0: UNIQUE constraint failed: context_annotations.visit_id sql: INSERT INTO context_annotations( visit_id,context_annotation_flags,duration_since_last_visit,page_end_reason,total_foreground_duration )VALUES(?,?,?,?,?)
2월 08, 2022 14:14:57.614 [3776:18348:0208/141457.614:ERROR:database.cc(1777)] History SQLite error: code 1555 errno 0: UNIQUE constraint failed: context_annotations.visit_id sql: INSERT INTO context_annotations( visit_id,context_annotation_flags,duration_since_last_visit,page_end_reason,total_foreground_duration )VALUES(?,?,?,?,?)
2월 08, 2022 14:14:58.286 [3776:18476:0208/141458.286:ERROR:database.cc(1777)] History SQLite error: code 1555 errno 0: UNIQUE constraint failed: context_annotations.visit_id sql: INSERT INTO context_annotations( visit_id,context_annotation_flags,duration_since_last_visit,page_end_reason,total_foreground_duration )VALUES(?,?,?,?,?)
2월 08, 2022 14:14:58.778 [3776:18476:0208/141458.777:ERROR:database.cc(1777)] History SQLite error: code 1555 errno 0: UNIQUE constraint failed: context_annotations.visit_id sql: INSERT INTO context_annotations( visit_id,context_annotation_flags,duration_since_last_visit,page_end_reason,total_foreground_duration )VALUES(?,?,?,?,?)
2월 08, 2022 14:14:59.41 [3776:18348:0208/141459.041:ERROR:database.cc(1777)] History SQLite error: code 1555 errno 0: UNIQUE constraint failed: context_annotations.visit_id sql: INSERT INTO context_annotations( visit_id,context_annotation_flags,duration_since_last_visit,page_end_reason,total_foreground_duration )VALUES(?,?,?,?,?)
2월 08, 2022 14:15:00.720 [3776:18348:0208/141500.719:ERROR:database.cc(1777)] History SQLite error: code 1555 errno 0: UNIQUE constraint failed: context_annotations.visit_id sql: INSERT INTO context_annotations( visit_id,context_annotation_flags,duration_since_last_visit,page_end_reason,total_foreground_duration )VALUES(?,?,?,?,?)
2월 08, 2022 14:16:18.686 [3776:18476:0208/141618.686:ERROR:database.cc(1777)] History SQLite error: code 1555 errno 0: UNIQUE constraint failed: context_annotations.visit_id sql: INSERT INTO context_annotations( visit_id,context_annotation_flags,duration_since_last_visit,page_end_reason,total_foreground_duration )VALUES(?,?,?,?,?)
2월 08, 2022 14:16:45.264 [3776:7964:0208/141645.263:ERROR:database.cc(1777)] History SQLite error: code 1555 errno 0: UNIQUE constraint failed: context_annotations.visit_id sql: INSERT INTO context_annotations( visit_id,context_annotation_flags,duration_since_last_visit,page_end_reason,total_foreground_duration )VALUES(?,?,?,?,?)
2월 08, 2022 14:16:46.226 [3776:7964:0208/141646.226:ERROR:database.cc(1777)] History SQLite error: code 1555 errno 0: UNIQUE constraint failed: context_annotations.visit_id sql: INSERT INTO context_annotations( visit_id,context_annotation_flags,duration_since_last_visit,page_end_reason,total_foreground_duration )VALUES(?,?,?,?,?)
2월 08, 2022 14:16:54.195 [3776:18348:0208/141654.195:ERROR:database.cc(1777)] History SQLite error: code 1555 errno 0: UNIQUE constraint failed: context_annotations.visit_id sql: INSERT INTO context_annotations( visit_id,context_annotation_flags,duration_since_last_visit,page_end_reason,total_foreground_duration )VALUES(?,?,?,?,?)
2월 08, 2022 14:18:53.361 [3776:18476:0208/141853.361:ERROR:database.cc(1777)] History SQLite error: code 1555 errno 0: UNIQUE constraint failed: context_annotations.visit_id sql: INSERT INTO context_annotations( visit_id,context_annotation_flags,duration_since_last_visit,page_end_reason,total_foreground_duration )VALUES(?,?,?,?,?)
2월 08, 2022 14:18:56.545 [3776:7964:0208/141856.545:ERROR:database.cc(1777)] History SQLite error: code 1555 errno 0: UNIQUE constraint failed: context_annotations.visit_id sql: INSERT INTO context_annotations( visit_id,context_annotation_flags,duration_since_last_visit,page_end_reason,total_foreground_duration )VALUES(?,?,?,?,?)
2월 08, 2022 14:36:25.53 [3776:11372:0208/143625.053:ERROR:database.cc(1777)] History SQLite error: code 1555 errno 0: UNIQUE constraint failed: context_annotations.visit_id sql: INSERT INTO context_annotations( visit_id,context_annotation_flags,duration_since_last_visit,page_end_reason,total_foreground_duration )VALUES(?,?,?,?,?)
2월 08, 2022 14:36:29.649 [3776:11372:0208/143629.649:ERROR:database.cc(1777)] History SQLite error: code 1555 errno 0: UNIQUE constraint failed: context_annotations.visit_id sql: INSERT INTO context_annotations( visit_id,context_annotation_flags,duration_since_last_visit,page_end_reason,total_foreground_duration )VALUES(?,?,?,?,?)
2월 08, 2022 14:36:30.322 [3776:11372:0208/143630.321:ERROR:database.cc(1777)] History SQLite error: code 1555 errno 0: UNIQUE constraint failed: context_annotations.visit_id sql: INSERT INTO context_annotations( visit_id,context_annotation_flags,duration_since_last_visit,page_end_reason,total_foreground_duration )VALUES(?,?,?,?,?)
2월 08, 2022 14:36:30.717 [3776:11372:0208/143630.716:ERROR:database.cc(1777)] History SQLite error: code 1555 errno 0: UNIQUE constraint failed: context_annotations.visit_id sql: INSERT INTO context_annotations( visit_id,context_annotation_flags,duration_since_last_visit,page_end_reason,total_foreground_duration )VALUES(?,?,?,?,?)
2월 08, 2022 14:36:31.106 [3776:11372:0208/143631.106:ERROR:database.cc(1777)] History SQLite error: code 1555 errno 0: UNIQUE constraint failed: context_annotations.visit_id sql: INSERT INTO context_annotations( visit_id,context_annotation_flags,duration_since_last_visit,page_end_reason,total_foreground_duration )VALUES(?,?,?,?,?)
2월 08, 2022 14:36:35.271 [3776:11372:0208/143635.271:ERROR:database.cc(1777)] History SQLite error: code 1555 errno 0: UNIQUE constraint failed: context_annotations.visit_id sql: INSERT INTO context_annotations( visit_id,context_annotation_flags,duration_since_last_visit,page_end_reason,total_foreground_duration )VALUES(?,?,?,?,?)
2월 08, 2022 14:36:35.285 [3776:7172:0208/143635.285:ERROR:database.cc(1777)] History SQLite error: code 1555 errno 0: UNIQUE constraint failed: context_annotations.visit_id sql: INSERT INTO context_annotations( visit_id,context_annotation_flags,duration_since_last_visit,page_end_reason,total_foreground_duration )VALUES(?,?,?,?,?)
2월 08, 2022 15:01:31.784 [3776:2704:0208/150131.783:ERROR:database.cc(1777)] History SQLite error: code 1555 errno 0: UNIQUE constraint failed: context_annotations.visit_id sql: INSERT INTO context_annotations( visit_id,context_annotation_flags,duration_since_last_visit,page_end_reason,total_foreground_duration )VALUES(?,?,?,?,?)
2월 08, 2022 15:08:43.781 [3776:2704:0208/150843.780:ERROR:database.cc(1777)] History SQLite error: code 1555 errno 0: UNIQUE constraint failed: context_annotations.visit_id sql: INSERT INTO context_annotations( visit_id,context_annotation_flags,duration_since_last_visit,page_end_reason,total_foreground_duration )VALUES(?,?,?,?,?)
2월 08, 2022 15:18:38.884 [3776:14920:0208/151838.884:ERROR:database.cc(1777)] History SQLite error: code 1555 errno 0: UNIQUE constraint failed: context_annotations.visit_id sql: INSERT INTO context_annotations( visit_id,context_annotation_flags,duration_since_last_visit,page_end_reason,total_foreground_duration )VALUES(?,?,?,?,?)
2월 08, 2022 15:18:39.08 [3776:14920:0208/151839.008:ERROR:database.cc(1777)] History SQLite error: code 1555 errno 0: UNIQUE constraint failed: context_annotations.visit_id sql: INSERT INTO context_annotations( visit_id,context_annotation_flags,duration_since_last_visit,page_end_reason,total_foreground_duration )VALUES(?,?,?,?,?)
2월 08, 2022 15:18:39.194 [3776:14920:0208/151839.194:ERROR:database.cc(1777)] History SQLite error: code 1555 errno 0: UNIQUE constraint failed: context_annotations.visit_id sql: INSERT INTO context_annotations( visit_id,context_annotation_flags,duration_since_last_visit,page_end_reason,total_foreground_duration )VALUES(?,?,?,?,?)
2월 08, 2022 15:18:39.376 [3776:14920:0208/151839.375:ERROR:database.cc(1777)] History SQLite error: code 1555 errno 0: UNIQUE constraint failed: context_annotations.visit_id sql: INSERT INTO context_annotations( visit_id,context_annotation_flags,duration_since_last_visit,page_end_reason,total_foreground_duration )VALUES(?,?,?,?,?)
2월 08, 2022 15:18:39.566 [3776:14920:0208/151839.566:ERROR:database.cc(1777)] History SQLite error: code 1555 errno 0: UNIQUE constraint failed: context_annotations.visit_id sql: INSERT INTO context_annotations( visit_id,context_annotation_flags,duration_since_last_visit,page_end_reason,total_foreground_duration )VALUES(?,?,?,?,?)
2월 08, 2022 15:18:39.745 [3776:14920:0208/151839.744:ERROR:database.cc(1777)] History SQLite error: code 1555 errno 0: UNIQUE constraint failed: context_annotations.visit_id sql: INSERT INTO context_annotations( visit_id,context_annotation_flags,duration_since_last_visit,page_end_reason,total_foreground_duration )VALUES(?,?,?,?,?)
2월 08, 2022 15:18:39.925 [3776:14920:0208/151839.925:ERROR:database.cc(1777)] History SQLite error: code 1555 errno 0: UNIQUE constraint failed: context_annotations.visit_id sql: INSERT INTO context_annotations( visit_id,context_annotation_flags,duration_since_last_visit,page_end_reason,total_foreground_duration )VALUES(?,?,?,?,?)
2월 08, 2022 15:18:40.99 [3776:14920:0208/151840.098:ERROR:database.cc(1777)] History SQLite error: code 1555 errno 0: UNIQUE constraint failed: context_annotations.visit_id sql: INSERT INTO context_annotations( visit_id,context_annotation_flags,duration_since_last_visit,page_end_reason,total_foreground_duration )VALUES(?,?,?,?,?)
2월 08, 2022 15:18:40.274 [3776:14920:0208/151840.274:ERROR:database.cc(1777)] History SQLite error: code 1555 errno 0: UNIQUE constraint failed: context_annotations.visit_id sql: INSERT INTO context_annotations( visit_id,context_annotation_flags,duration_since_last_visit,page_end_reason,total_foreground_duration )VALUES(?,?,?,?,?)
2월 08, 2022 15:18:40.453 [3776:14920:0208/151840.453:ERROR:database.cc(1777)] History SQLite error: code 1555 errno 0: UNIQUE constraint failed: context_annotations.visit_id sql: INSERT INTO context_annotations( visit_id,context_annotation_flags,duration_since_last_visit,page_end_reason,total_foreground_duration )VALUES(?,?,?,?,?)
2월 08, 2022 15:18:40.954 [3776:14920:0208/151840.953:ERROR:database.cc(1777)] History SQLite error: code 1555 errno 0: UNIQUE constraint failed: context_annotations.visit_id sql: INSERT INTO context_annotations( visit_id,context_annotation_flags,duration_since_last_visit,page_end_reason,total_foreground_duration )VALUES(?,?,?,?,?)
2월 08, 2022 15:18:41.540 [3776:14920:0208/151841.540:ERROR:database.cc(1777)] History SQLite error: code 1555 errno 0: UNIQUE constraint failed: context_annotations.visit_id sql: INSERT INTO context_annotations( visit_id,context_annotation_flags,duration_since_last_visit,page_end_reason,total_foreground_duration )VALUES(?,?,?,?,?)
2월 08, 2022 15:18:41.685 [3776:14920:0208/151841.684:ERROR:database.cc(1777)] History SQLite error: code 1555 errno 0: UNIQUE constraint failed: context_annotations.visit_id sql: INSERT INTO context_annotations( visit_id,context_annotation_flags,duration_since_last_visit,page_end_reason,total_foreground_duration )VALUES(?,?,?,?,?)
2월 08, 2022 15:18:41.870 [3776:14920:0208/151841.869:ERROR:database.cc(1777)] History SQLite error: code 1555 errno 0: UNIQUE constraint failed: context_annotations.visit_id sql: INSERT INTO context_annotations( visit_id,context_annotation_flags,duration_since_last_visit,page_end_reason,total_foreground_duration )VALUES(?,?,?,?,?)
2월 08, 2022 15:18:41.999 [3776:14920:0208/151841.999:ERROR:database.cc(1777)] History SQLite error: code 1555 errno 0: UNIQUE constraint failed: context_annotations.visit_id sql: INSERT INTO context_annotations( visit_id,context_annotation_flags,duration_since_last_visit,page_end_reason,total_foreground_duration )VALUES(?,?,?,?,?)
2월 08, 2022 15:18:42.271 [3776:14920:0208/151842.271:ERROR:database.cc(1777)] History SQLite error: code 1555 errno 0: UNIQUE constraint failed: context_annotations.visit_id sql: INSERT INTO context_annotations( visit_id,context_annotation_flags,duration_since_last_visit,page_end_reason,total_foreground_duration )VALUES(?,?,?,?,?)
2월 08, 2022 15:18:45.923 [3776:14920:0208/151845.923:ERROR:database.cc(1777)] History SQLite error: code 1555 errno 0: UNIQUE constraint failed: context_annotations.visit_id sql: INSERT INTO context_annotations( visit_id,context_annotation_flags,duration_since_last_visit,page_end_reason,total_foreground_duration )VALUES(?,?,?,?,?)
2월 08, 2022 15:18:46.307 [3776:14920:0208/151846.306:ERROR:database.cc(1777)] History SQLite error: code 1555 errno 0: UNIQUE constraint failed: context_annotations.visit_id sql: INSERT INTO context_annotations( visit_id,context_annotation_flags,duration_since_last_visit,page_end_reason,total_foreground_duration )VALUES(?,?,?,?,?)
2월 08, 2022 15:18:46.490 [3776:14920:0208/151846.490:ERROR:database.cc(1777)] History SQLite error: code 1555 errno 0: UNIQUE constraint failed: context_annotations.visit_id sql: INSERT INTO context_annotations( visit_id,context_annotation_flags,duration_since_last_visit,page_end_reason,total_foreground_duration )VALUES(?,?,?,?,?)
2월 08, 2022 15:18:46.688 [3776:14920:0208/151846.688:ERROR:database.cc(1777)] History SQLite error: code 1555 errno 0: UNIQUE constraint failed: context_annotations.visit_id sql: INSERT INTO context_annotations( visit_id,context_annotation_flags,duration_since_last_visit,page_end_reason,total_foreground_duration )VALUES(?,?,?,?,?)
2월 08, 2022 15:18:46.885 [3776:14920:0208/151846.885:ERROR:database.cc(1777)] History SQLite error: code 1555 errno 0: UNIQUE constraint failed: context_annotations.visit_id sql: INSERT INTO context_annotations( visit_id,context_annotation_flags,duration_since_last_visit,page_end_reason,total_foreground_duration )VALUES(?,?,?,?,?)
2월 08, 2022 15:18:47.63 [3776:14920:0208/151847.062:ERROR:database.cc(1777)] History SQLite error: code 1555 errno 0: UNIQUE constraint failed: context_annotations.visit_id sql: INSERT INTO context_annotations( visit_id,context_annotation_flags,duration_since_last_visit,page_end_reason,total_foreground_duration )VALUES(?,?,?,?,?)
2월 08, 2022 15:18:47.232 [3776:14920:0208/151847.232:ERROR:database.cc(1777)] History SQLite error: code 1555 errno 0: UNIQUE constraint failed: context_annotations.visit_id sql: INSERT INTO context_annotations( visit_id,context_annotation_flags,duration_since_last_visit,page_end_reason,total_foreground_duration )VALUES(?,?,?,?,?)
2월 08, 2022 15:18:47.522 [3776:21424:0208/151847.522:ERROR:database.cc(1777)] History SQLite error: code 1555 errno 0: UNIQUE constraint failed: context_annotations.visit_id sql: INSERT INTO context_annotations( visit_id,context_annotation_flags,duration_since_last_visit,page_end_reason,total_foreground_duration )VALUES(?,?,?,?,?)
2월 08, 2022 15:18:48.140 [3776:21424:0208/151848.140:ERROR:database.cc(1777)] History SQLite error: code 1555 errno 0: UNIQUE constraint failed: context_annotations.visit_id sql: INSERT INTO context_annotations( visit_id,context_annotation_flags,duration_since_last_visit,page_end_reason,total_foreground_duration )VALUES(?,?,?,?,?)
2월 08, 2022 15:18:49.39 [3776:21424:0208/151849.038:ERROR:database.cc(1777)] History SQLite error: code 1555 errno 0: UNIQUE constraint failed: context_annotations.visit_id sql: INSERT INTO context_annotations( visit_id,context_annotation_flags,duration_since_last_visit,page_end_reason,total_foreground_duration )VALUES(?,?,?,?,?)
2월 08, 2022 15:18:49.911 [3776:21424:0208/151849.911:ERROR:database.cc(1777)] History SQLite error: code 1555 errno 0: UNIQUE constraint failed: context_annotations.visit_id sql: INSERT INTO context_annotations( visit_id,context_annotation_flags,duration_since_last_visit,page_end_reason,total_foreground_duration )VALUES(?,?,?,?,?)
2월 08, 2022 15:18:50.579 [3776:14920:0208/151850.579:ERROR:database.cc(1777)] History SQLite error: code 1555 errno 0: UNIQUE constraint failed: context_annotations.visit_id sql: INSERT INTO context_annotations( visit_id,context_annotation_flags,duration_since_last_visit,page_end_reason,total_foreground_duration )VALUES(?,?,?,?,?)
2월 08, 2022 15:18:51.650 [3776:14920:0208/151851.650:ERROR:database.cc(1777)] History SQLite error: code 1555 errno 0: UNIQUE constraint failed: context_annotations.visit_id sql: INSERT INTO context_annotations( visit_id,context_annotation_flags,duration_since_last_visit,page_end_reason,total_foreground_duration )VALUES(?,?,?,?,?)
2월 08, 2022 15:23:55.972 [3776:21424:0208/152355.971:ERROR:database.cc(1777)] History SQLite error: code 1555 errno 0: UNIQUE constraint failed: context_annotations.visit_id sql: INSERT INTO context_annotations( visit_id,context_annotation_flags,duration_since_last_visit,page_end_reason,total_foreground_duration )VALUES(?,?,?,?,?)
2월 08, 2022 15:49:28.472 [3776:23712:0208/154928.471:ERROR:database.cc(1777)] History SQLite error: code 1555 errno 0: UNIQUE constraint failed: context_annotations.visit_id sql: INSERT INTO context_annotations( visit_id,context_annotation_flags,duration_since_last_visit,page_end_reason,total_foreground_duration )VALUES(?,?,?,?,?)
2월 08, 2022 15:49:32.83 [3776:18672:0208/154932.082:ERROR:database.cc(1777)] History SQLite error: code 1555 errno 0: UNIQUE constraint failed: context_annotations.visit_id sql: INSERT INTO context_annotations( visit_id,context_annotation_flags,duration_since_last_visit,page_end_reason,total_foreground_duration )VALUES(?,?,?,?,?)
2월 08, 2022 15:49:37.134 [3776:23712:0208/154937.134:ERROR:database.cc(1777)] History SQLite error: code 1555 errno 0: UNIQUE constraint failed: context_annotations.visit_id sql: INSERT INTO context_annotations( visit_id,context_annotation_flags,duration_since_last_visit,page_end_reason,total_foreground_duration )VALUES(?,?,?,?,?)
2월 08, 2022 15:50:18.741 [3776:23712:0208/155018.740:ERROR:database.cc(1777)] History SQLite error: code 1555 errno 0: UNIQUE constraint failed: context_annotations.visit_id sql: INSERT INTO context_annotations( visit_id,context_annotation_flags,duration_since_last_visit,page_end_reason,total_foreground_duration )VALUES(?,?,?,?,?)
2월 08, 2022 15:52:46.733 [3776:7512:0208/155246.733:ERROR:database.cc(1777)] History SQLite error: code 1555 errno 0: UNIQUE constraint failed: context_annotations.visit_id sql: INSERT INTO context_annotations( visit_id,context_annotation_flags,duration_since_last_visit,page_end_reason,total_foreground_duration )VALUES(?,?,?,?,?)
2월 08, 2022 15:52:52.237 [3776:23712:0208/155252.237:ERROR:database.cc(1777)] History SQLite error: code 1555 errno 0: UNIQUE constraint failed: context_annotations.visit_id sql: INSERT INTO context_annotations( visit_id,context_annotation_flags,duration_since_last_visit,page_end_reason,total_foreground_duration )VALUES(?,?,?,?,?)
2월 08, 2022 15:52:57.994 [3776:7548:0208/155257.993:ERROR:database.cc(1777)] History SQLite error: code 1555 errno 0: UNIQUE constraint failed: context_annotations.visit_id sql: INSERT INTO context_annotations( visit_id,context_annotation_flags,duration_since_last_visit,page_end_reason,total_foreground_duration )VALUES(?,?,?,?,?)
2월 08, 2022 15:53:11.494 [3776:23712:0208/155311.494:ERROR:database.cc(1777)] History SQLite error: code 1555 errno 0: UNIQUE constraint failed: context_annotations.visit_id sql: INSERT INTO context_annotations( visit_id,context_annotation_flags,duration_since_last_visit,page_end_reason,total_foreground_duration )VALUES(?,?,?,?,?)
2월 08, 2022 15:53:27.424 [3776:23244:0208/155327.423:ERROR:database.cc(1777)] History SQLite error: code 1555 errno 0: UNIQUE constraint failed: context_annotations.visit_id sql: INSERT INTO context_annotations( visit_id,context_annotation_flags,duration_since_last_visit,page_end_reason,total_foreground_duration )VALUES(?,?,?,?,?)

2월 15, 2022 11:45:11.480 NEW SESSION
2월 15, 2022 11:45:11.481 [240:19592:0215/114511.475:ERROR:chrome_browser_main_extra_parts_metrics.cc(227)] START: ReportBluetoothAvailability(). If you don't see the END: message, this is crbug.com/1216328.
2월 15, 2022 11:45:11.481 [240:19592:0215/114511.476:ERROR:chrome_browser_main_extra_parts_metrics.cc(230)] END: ReportBluetoothAvailability()
2월 15, 2022 11:45:11.481 [240:19592:0215/114511.476:ERROR:chrome_browser_main_extra_parts_metrics.cc(235)] START: GetDefaultBrowser(). If you don't see the END: message, this is crbug.com/1216328.
2월 15, 2022 11:45:11.482 [240:19592:0215/114511.477:ERROR:chrome_browser_main_extra_parts_metrics.cc(239)] END: GetDefaultBrowser()
2월 15, 2022 11:45:11.482 [240:5176:0215/114511.479:ERROR:device_event_log_impl.cc(214)] [11:45:11.479] USB: usb_device_handle_win.cc:1049 Failed to read descriptor from node connection: 시스템에 부착된 장치가 작동하지 않습니다. (0x1F)
2월 15, 2022 11:45:11.501 [240:5176:0215/114511.501:ERROR:device_event_log_impl.cc(214)] [11:45:11.502] USB: usb_device_handle_win.cc:1049 Failed to read descriptor from node connection: 시스템에 부착된 장치가 작동하지 않습니다. (0x1F)
